[2020-03-26T20:06:05.035] [DEBUG] cheese - login => username:zs,password:123456
[2020-03-26T20:06:05.059] [DEBUG] cheese - zs
[2020-03-26T20:06:05.084] [DEBUG] cheese - null
[2020-03-26T20:06:05.100] [DEBUG] cheese - null
[2020-03-26T20:06:31.259] [DEBUG] cheese - login => username:admin,password:123456
[2020-03-26T20:06:31.259] [DEBUG] cheese - admin
[2020-03-26T20:06:31.271] [DEBUG] cheese - null
[2020-03-26T20:06:31.271] [DEBUG] cheese - null
[2020-03-26T22:29:50.954] [DEBUG] cheese - login => username:zs11,password:123456
[2020-03-26T22:29:51.038] [DEBUG] cheese - zs11
[2020-03-26T22:29:53.461] [DEBUG] cheese - null
[2020-03-26T22:29:53.462] [DEBUG] cheese - null
[2020-03-26T22:30:53.970] [DEBUG] cheese - login => username:zs11,password:123456
[2020-03-26T22:30:53.971] [DEBUG] cheese - zs11
[2020-03-26T22:30:54.517] [DEBUG] cheese - null
[2020-03-26T22:30:54.517] [DEBUG] cheese - null
[2020-03-26T22:32:26.976] [DEBUG] cheese - login => username:zs1,password:123789
[2020-03-26T22:32:26.977] [DEBUG] cheese - zs1
[2020-03-26T22:32:26.983] [DEBUG] cheese - null
[2020-03-26T22:32:26.983] [DEBUG] cheese - null
[2020-03-26T22:34:30.771] [DEBUG] cheese - login => username:zs1,password:123456
[2020-03-26T22:34:30.771] [DEBUG] cheese - zs1
[2020-03-26T22:34:30.785] [DEBUG] cheese - null
[2020-03-26T22:34:30.785] [DEBUG] cheese - null
[2020-03-26T22:34:36.664] [DEBUG] cheese - login => username:admin,password:123456
[2020-03-26T22:34:36.665] [DEBUG] cheese - admin
[2020-03-26T22:34:36.775] [DEBUG] cheese - null
[2020-03-26T22:34:36.775] [DEBUG] cheese - null
[2020-03-26T22:41:16.542] [DEBUG] cheese - login => username:zs1,password:123456
[2020-03-26T22:41:16.542] [DEBUG] cheese - zs1
[2020-03-26T22:41:16.546] [DEBUG] cheese - null
[2020-03-26T22:41:16.547] [DEBUG] cheese - null
[2020-03-26T22:41:21.794] [DEBUG] cheese - login => username:admin,password:123456
[2020-03-26T22:41:21.795] [DEBUG] cheese - admin
[2020-03-26T22:41:21.799] [DEBUG] cheese - null
[2020-03-26T22:41:21.800] [DEBUG] cheese - null
[2020-03-26T22:47:24.849] [DEBUG] cheese - login => username:admin,password:123456
[2020-03-26T22:47:24.849] [DEBUG] cheese - admin
[2020-03-26T22:47:25.089] [DEBUG] cheese - null
[2020-03-26T22:47:25.089] [DEBUG] cheese - null
[2020-03-26T22:47:45.222] [DEBUG] cheese - login => username:admin,password:123456
[2020-03-26T22:47:45.223] [DEBUG] cheese - admin
[2020-03-26T22:47:45.227] [DEBUG] cheese - null
[2020-03-26T22:47:45.228] [DEBUG] cheese - null
[2020-03-26T22:58:56.377] [DEBUG] cheese - login => username:admin,password:123456
[2020-03-26T22:58:56.378] [DEBUG] cheese - admin
[2020-03-26T22:58:56.493] [DEBUG] cheese - null
[2020-03-26T22:58:56.493] [DEBUG] cheese - null
[2020-03-26T23:03:10.069] [DEBUG] cheese - login => username:admin,password:123456
[2020-03-26T23:03:10.069] [DEBUG] cheese - admin
[2020-03-26T23:03:10.076] [DEBUG] cheese - null
[2020-03-26T23:03:10.076] [DEBUG] cheese - null
[2020-03-26T23:03:29.338] [DEBUG] cheese - login => username:admin,password:123456
[2020-03-26T23:03:29.344] [DEBUG] cheese - admin
[2020-03-26T23:03:29.353] [DEBUG] cheese - null
[2020-03-26T23:03:29.353] [DEBUG] cheese - null
[2020-03-26T23:03:32.554] [DEBUG] cheese - login => username:admin,password:123456
[2020-03-26T23:03:32.555] [DEBUG] cheese - admin
[2020-03-26T23:03:32.560] [DEBUG] cheese - null
[2020-03-26T23:03:32.561] [DEBUG] cheese - null
[2020-03-26T23:05:25.851] [DEBUG] cheese - login => username:admin,password:123456
[2020-03-26T23:05:25.851] [DEBUG] cheese - admin
[2020-03-26T23:05:25.862] [DEBUG] cheese - null
[2020-03-26T23:05:25.862] [DEBUG] cheese - null
[2020-03-26T23:07:57.226] [DEBUG] cheese - login => username:admin,password:123456
[2020-03-26T23:07:57.227] [DEBUG] cheese - admin
[2020-03-26T23:07:57.270] [DEBUG] cheese - null
[2020-03-26T23:07:57.270] [DEBUG] cheese - null
[2020-03-27T12:13:22.384] [DEBUG] cheese - login => username:admin,password:123456
[2020-03-27T12:13:22.403] [DEBUG] cheese - admin
[2020-03-27T12:13:22.534] [DEBUG] cheese - null
[2020-03-27T12:13:22.536] [DEBUG] cheese - null
[2020-03-27T12:17:27.019] [DEBUG] cheese - login => username:admin,password:123456
[2020-03-27T12:17:27.020] [DEBUG] cheese - admin
[2020-03-27T12:17:27.028] [DEBUG] cheese - null
[2020-03-27T12:17:27.028] [DEBUG] cheese - null
[2020-03-27T12:17:46.224] [DEBUG] cheese - login => username:admin,password:123456
[2020-03-27T12:17:46.225] [DEBUG] cheese - admin
[2020-03-27T12:17:46.229] [DEBUG] cheese - null
[2020-03-27T12:17:46.230] [DEBUG] cheese - null
[2020-03-27T12:19:27.427] [DEBUG] cheese - login => username:admin11,password:123456
[2020-03-27T12:19:27.427] [DEBUG] cheese - admin11
[2020-03-27T12:19:27.446] [DEBUG] cheese - null
[2020-03-27T12:19:27.446] [DEBUG] cheese - null
[2020-03-27T12:24:04.172] [DEBUG] cheese - login => username:admin,password:123456
[2020-03-27T12:24:04.172] [DEBUG] cheese - admin
[2020-03-27T12:24:04.178] [DEBUG] cheese - null
[2020-03-27T12:24:04.178] [DEBUG] cheese - null
[2020-03-27T13:55:59.895] [DEBUG] cheese - login => username:admin,password:123456
[2020-03-27T13:56:00.054] [DEBUG] cheese - admin
[2020-03-27T13:56:03.039] [DEBUG] cheese - null
[2020-03-27T13:56:03.040] [DEBUG] cheese - null
[2020-03-27T14:05:57.027] [DEBUG] cheese - login => username:admin,password:123456
[2020-03-27T14:05:57.183] [DEBUG] cheese - admin
[2020-03-27T14:05:58.350] [DEBUG] cheese - null
[2020-03-27T14:05:58.351] [DEBUG] cheese - null
[2020-03-27T16:40:24.802] [DEBUG] cheese - login => username:admin,password:123456
[2020-03-27T16:40:25.115] [DEBUG] cheese - admin
[2020-03-27T16:40:28.426] [DEBUG] cheese - null
[2020-03-27T16:40:28.441] [DEBUG] cheese - null
[2020-03-28T11:52:17.355] [DEBUG] cheese - login => username:admin,password:123456
[2020-03-28T11:52:17.363] [DEBUG] cheese - admin
[2020-03-28T11:52:17.430] [DEBUG] cheese - null
[2020-03-28T11:52:17.431] [DEBUG] cheese - null
[2020-03-28T12:15:22.583] [DEBUG] cheese - login => username:admin,password:123456
[2020-03-28T12:15:22.583] [DEBUG] cheese - admin
[2020-03-28T12:15:22.613] [DEBUG] cheese - null
[2020-03-28T12:15:22.613] [DEBUG] cheese - null
[2020-03-28T15:03:09.052] [DEBUG] cheese - null
[2020-03-28T15:06:13.667] [DEBUG] cheese - null
[2020-03-28T15:06:17.228] [DEBUG] cheese - null
[2020-03-29T13:39:41.869] [DEBUG] cheese - login => username:admin,password:123456
[2020-03-29T13:39:41.929] [DEBUG] cheese - admin
[2020-03-29T13:39:42.047] [DEBUG] cheese - null
[2020-03-29T13:39:42.049] [DEBUG] cheese - null
[2020-03-29T15:19:34.683] [DEBUG] cheese - login => username:admin,password:123456
[2020-03-29T15:19:38.059] [DEBUG] cheese - admin
[2020-03-29T15:19:49.199] [DEBUG] cheese - null
[2020-03-29T15:19:49.251] [DEBUG] cheese - null
[2020-03-30T15:48:51.662] [DEBUG] cheese - login => username:admin,password:123456
[2020-03-30T15:48:51.697] [DEBUG] cheese - admin
[2020-03-30T15:48:52.419] [DEBUG] cheese - null
[2020-03-30T15:48:52.420] [DEBUG] cheese - null
[2020-03-31T19:05:52.804] [DEBUG] cheese - login => username:admin,password:123456
[2020-03-31T19:05:58.164] [DEBUG] cheese - admin
[2020-03-31T19:06:20.779] [DEBUG] cheese - login => username:admin,password:123456
[2020-03-31T19:06:21.107] [DEBUG] cheese - admin
[2020-03-31T19:06:23.120] [DEBUG] cheese - login => username:admin,password:123456
[2020-03-31T19:06:23.373] [DEBUG] cheese - admin
[2020-03-31T19:06:24.915] [DEBUG] cheese - login => username:admin,password:123456
[2020-03-31T19:06:24.915] [DEBUG] cheese - admin
[2020-03-31T19:06:31.305] [DEBUG] cheese - { inspect: [Function: inspect] }
[2020-03-31T19:06:32.619] [DEBUG] cheese - 查询失败
[2020-03-31T19:06:32.743] [DEBUG] cheese - { inspect: [Function: inspect] }
[2020-03-31T19:06:32.743] [DEBUG] cheese - 查询失败
[2020-03-31T19:06:34.878] [DEBUG] cheese - login => username:admin,password:123456
[2020-03-31T19:06:34.878] [DEBUG] cheese - admin
[2020-03-31T19:06:41.716] [DEBUG] cheese - null
[2020-03-31T19:06:41.716] [DEBUG] cheese - null
[2020-03-31T19:06:42.749] [DEBUG] cheese - null
[2020-03-31T19:06:42.749] [DEBUG] cheese - null
[2020-03-31T19:06:43.545] [DEBUG] cheese - null
[2020-03-31T19:06:43.545] [DEBUG] cheese - null
[2020-03-31T19:06:48.379] [DEBUG] cheese - login => username:admin,password:123456
[2020-03-31T19:06:48.379] [DEBUG] cheese - admin
[2020-03-31T19:06:48.478] [DEBUG] cheese - null
[2020-03-31T19:06:48.478] [DEBUG] cheese - null
[2020-03-31T20:44:26.045] [DEBUG] cheese - null
[2020-04-01T12:09:07.291] [DEBUG] cheese - login => username:admin,password:123456
[2020-04-01T12:09:07.295] [DEBUG] cheese - admin
[2020-04-01T12:09:07.430] [DEBUG] cheese - null
[2020-04-01T12:09:07.432] [DEBUG] cheese - null
[2020-04-01T17:49:43.764] [DEBUG] cheese - login => username:admin,password:123456
[2020-04-01T17:49:43.897] [DEBUG] cheese - admin
[2020-04-01T17:49:44.211] [DEBUG] cheese - null
[2020-04-01T17:49:44.213] [DEBUG] cheese - null
[2020-04-01T18:01:56.440] [DEBUG] cheese - login => username:admin,password:123456
[2020-04-01T18:01:56.440] [DEBUG] cheese - admin
[2020-04-01T18:01:56.456] [DEBUG] cheese - null
[2020-04-01T18:01:56.456] [DEBUG] cheese - null
[2020-04-01T18:24:52.808] [DEBUG] cheese - login => username:admin,password:123456
[2020-04-01T18:24:52.848] [DEBUG] cheese - admin
[2020-04-01T18:24:52.895] [DEBUG] cheese - null
[2020-04-01T18:24:52.895] [DEBUG] cheese - null
